<?xml version="1.0" encoding="UTF-8"?>
<testsuite xmlns:xsi="http://www.w3.org/2001/XMLSchema-instance" xsi:noNamespaceSchemaLocation="https://maven.apache.org/surefire/maven-surefire-plugin/xsd/surefire-test-report.xsd" name="TestSuite" time="115.291" tests="10" errors="0" skipped="0" failures="0">
  <properties>
[...]
</properties>
  <testcase name="runScenario" classname="testrunner.LandingPage1_TestRunner" time="8.708"/>
  <testcase name="runScenario" classname="testrunner.LandingPage1_TestRunner" time="11.123"/>
  <testcase name="runScenario" classname="testrunner.LandingPage1_TestRunner" time="11.8"/>
  <testcase name="runScenario" classname="testrunner.LandingPage1_TestRunner" time="10.422"/>
  <testcase name="runScenario" classname="testrunner.LandingPage2_TestRunner" time="12.894"/>
  <testcase name="runScenario" classname="testrunner.LandingPage2_TestRunner" time="7.957"/>
  <testcase name="runScenario" classname="testrunner.LandingPage2_TestRunner" time="8.573"/>
  <testcase name="runScenario" classname="testrunner.LandingPage2_TestRunner" time="10.995"/>
  <testcase name="runScenario" classname="testrunner.LandingPage_Excel_TestRunner" time="15.085"/>
  <testcase name="runScenario" classname="testrunner.LandingPage_Excel_TestRunner" time="16.092"/>
</testsuite>