<?xml version="1.0" encoding="UTF-8"?>
<testng-results ignored="0" total="10" passed="10" failed="0" skipped="0">
  <reporter-output>
  </reporter-output>
  <suite started-at="2023-06-08T21:55:27 IST" name="Suite" finished-at="2023-06-08T21:57:22 IST" duration-ms="114527">
    <groups>
      <group name="cucumber">
        <method signature="AbstractTestNGCucumberTests.runScenario(io.cucumber.testng.PickleWrapper,io.cucumber.testng.FeatureWrapper)[pri:0, instance:testrunner.LandingPage1_TestRunner@32ee6fee]" name="runScenario" class="io.cucumber.testng.AbstractTestNGCucumberTests"/>
        <method signature="AbstractTestNGCucumberTests.runScenario(io.cucumber.testng.PickleWrapper,io.cucumber.testng.FeatureWrapper)[pri:0, instance:testrunner.LandingPage2_TestRunner@7fee8714]" name="runScenario" class="io.cucumber.testng.AbstractTestNGCucumberTests"/>
        <method signature="AbstractTestNGCucumberTests.runScenario(io.cucumber.testng.PickleWrapper,io.cucumber.testng.FeatureWrapper)[pri:0, instance:testrunner.LandingPage_Excel_TestRunner@4229bb3f]" name="runScenario" class="io.cucumber.testng.AbstractTestNGCucumberTests"/>
      </group> <!-- cucumber -->
    </groups>
    <test started-at="2023-06-08T21:55:27 IST" name="Test" finished-at="2023-06-08T21:57:22 IST" duration-ms="114527">
      <class name="testrunner.LandingPage2_TestRunner">
        <test-method is-config="true" signature="setUpClass(org.testng.ITestContext)[pri:0, instance:testrunner.LandingPage2_TestRunner@7fee8714]" started-at="2023-06-08T21:56:10 IST" name="setUpClass" finished-at="2023-06-08T21:56:10 IST" duration-ms="23" status="PASS">
          <params>
            <param index="0">
              <value>
                <![CDATA[org.testng.TestRunner@3a751535]]>
              </value>
            </param>
          </params>
          <reporter-output>
          </reporter-output>
        </test-method> <!-- setUpClass -->
        <test-method signature="runScenario(io.cucumber.testng.PickleWrapper,io.cucumber.testng.FeatureWrapper)[pri:0, instance:testrunner.LandingPage2_TestRunner@7fee8714]" started-at="2023-06-08T21:56:10 IST" name="runScenario" description="Runs Cucumber Scenarios" data-provider="scenarios" finished-at="2023-06-08T21:56:23 IST" duration-ms="12894" status="PASS">
          <params>
            <param index="0">
              <value>
                <![CDATA["Verify Goal Search functionality with valid data"]]>
              </value>
            </param>
            <param index="1">
              <value>
                <![CDATA["Landing"]]>
              </value>
            </param>
          </params>
          <reporter-output>
          </reporter-output>
        </test-method> <!-- runScenario -->
        <test-method signature="runScenario(io.cucumber.testng.PickleWrapper,io.cucumber.testng.FeatureWrapper)[pri:0, instance:testrunner.LandingPage2_TestRunner@7fee8714]" started-at="2023-06-08T21:56:23 IST" name="runScenario" description="Runs Cucumber Scenarios" data-provider="scenarios" finished-at="2023-06-08T21:56:31 IST" duration-ms="7957" status="PASS">
          <params>
            <param index="0">
              <value>
                <![CDATA["Verify Goal Search functionality with valid data"]]>
              </value>
            </param>
            <param index="1">
              <value>
                <![CDATA["Landing"]]>
              </value>
            </param>
          </params>
          <reporter-output>
          </reporter-output>
        </test-method> <!-- runScenario -->
        <test-method signature="runScenario(io.cucumber.testng.PickleWrapper,io.cucumber.testng.FeatureWrapper)[pri:0, instance:testrunner.LandingPage2_TestRunner@7fee8714]" started-at="2023-06-08T21:56:31 IST" name="runScenario" description="Runs Cucumber Scenarios" data-provider="scenarios" finished-at="2023-06-08T21:56:40 IST" duration-ms="8574" status="PASS">
          <params>
            <param index="0">
              <value>
                <![CDATA["Verify Goal Search functionality with Invalid data"]]>
              </value>
            </param>
            <param index="1">
              <value>
                <![CDATA["Landing"]]>
              </value>
            </param>
          </params>
          <reporter-output>
          </reporter-output>
        </test-method> <!-- runScenario -->
        <test-method signature="runScenario(io.cucumber.testng.PickleWrapper,io.cucumber.testng.FeatureWrapper)[pri:0, instance:testrunner.LandingPage2_TestRunner@7fee8714]" started-at="2023-06-08T21:56:40 IST" name="runScenario" description="Runs Cucumber Scenarios" data-provider="scenarios" finished-at="2023-06-08T21:56:50 IST" duration-ms="10995" status="PASS">
          <params>
            <param index="0">
              <value>
                <![CDATA["Verify Goal Search functionality with Invalid data"]]>
              </value>
            </param>
            <param index="1">
              <value>
                <![CDATA["Landing"]]>
              </value>
            </param>
          </params>
          <reporter-output>
          </reporter-output>
        </test-method> <!-- runScenario -->
        <test-method is-config="true" signature="tearDownClass()[pri:0, instance:testrunner.LandingPage2_TestRunner@7fee8714]" started-at="2023-06-08T21:56:50 IST" name="tearDownClass" finished-at="2023-06-08T21:56:51 IST" duration-ms="49" status="PASS">
          <reporter-output>
          </reporter-output>
        </test-method> <!-- tearDownClass -->
      </class> <!-- testrunner.LandingPage2_TestRunner -->
      <class name="testrunner.LandingPage1_TestRunner">
        <test-method is-config="true" signature="setUpClass(org.testng.ITestContext)[pri:0, instance:testrunner.LandingPage1_TestRunner@32ee6fee]" started-at="2023-06-08T21:55:27 IST" name="setUpClass" finished-at="2023-06-08T21:55:28 IST" duration-ms="609" status="PASS">
          <params>
            <param index="0">
              <value>
                <![CDATA[org.testng.TestRunner@3a751535]]>
              </value>
            </param>
          </params>
          <reporter-output>
          </reporter-output>
        </test-method> <!-- setUpClass -->
        <test-method signature="runScenario(io.cucumber.testng.PickleWrapper,io.cucumber.testng.FeatureWrapper)[pri:0, instance:testrunner.LandingPage1_TestRunner@32ee6fee]" started-at="2023-06-08T21:55:28 IST" name="runScenario" description="Runs Cucumber Scenarios" data-provider="scenarios" finished-at="2023-06-08T21:55:37 IST" duration-ms="8706" status="PASS">
          <params>
            <param index="0">
              <value>
                <![CDATA["Validate User navigates onto Landing page"]]>
              </value>
            </param>
            <param index="1">
              <value>
                <![CDATA["Landing"]]>
              </value>
            </param>
          </params>
          <reporter-output>
          </reporter-output>
        </test-method> <!-- runScenario -->
        <test-method signature="runScenario(io.cucumber.testng.PickleWrapper,io.cucumber.testng.FeatureWrapper)[pri:0, instance:testrunner.LandingPage1_TestRunner@32ee6fee]" started-at="2023-06-08T21:55:37 IST" name="runScenario" description="Runs Cucumber Scenarios" data-provider="scenarios" finished-at="2023-06-08T21:55:48 IST" duration-ms="11123" status="PASS">
          <params>
            <param index="0">
              <value>
                <![CDATA["Validate landing page UI"]]>
              </value>
            </param>
            <param index="1">
              <value>
                <![CDATA["Landing"]]>
              </value>
            </param>
          </params>
          <reporter-output>
          </reporter-output>
        </test-method> <!-- runScenario -->
        <test-method signature="runScenario(io.cucumber.testng.PickleWrapper,io.cucumber.testng.FeatureWrapper)[pri:0, instance:testrunner.LandingPage1_TestRunner@32ee6fee]" started-at="2023-06-08T21:55:48 IST" name="runScenario" description="Runs Cucumber Scenarios" data-provider="scenarios" finished-at="2023-06-08T21:56:00 IST" duration-ms="11800" status="PASS">
          <params>
            <param index="0">
              <value>
                <![CDATA["field validation on Landing page(Goals Feild Text Box is Enable)"]]>
              </value>
            </param>
            <param index="1">
              <value>
                <![CDATA["Landing"]]>
              </value>
            </param>
          </params>
          <reporter-output>
          </reporter-output>
        </test-method> <!-- runScenario -->
        <test-method signature="runScenario(io.cucumber.testng.PickleWrapper,io.cucumber.testng.FeatureWrapper)[pri:0, instance:testrunner.LandingPage1_TestRunner@32ee6fee]" started-at="2023-06-08T21:56:00 IST" name="runScenario" description="Runs Cucumber Scenarios" data-provider="scenarios" finished-at="2023-06-08T21:56:10 IST" duration-ms="10421" status="PASS">
          <params>
            <param index="0">
              <value>
                <![CDATA["validate user navigatee the find a center"]]>
              </value>
            </param>
            <param index="1">
              <value>
                <![CDATA["Landing"]]>
              </value>
            </param>
          </params>
          <reporter-output>
          </reporter-output>
        </test-method> <!-- runScenario -->
        <test-method is-config="true" signature="tearDownClass()[pri:0, instance:testrunner.LandingPage1_TestRunner@32ee6fee]" started-at="2023-06-08T21:56:10 IST" name="tearDownClass" finished-at="2023-06-08T21:56:10 IST" duration-ms="67" status="PASS">
          <reporter-output>
          </reporter-output>
        </test-method> <!-- tearDownClass -->
      </class> <!-- testrunner.LandingPage1_TestRunner -->
      <class name="testrunner.LandingPage_Excel_TestRunner">
        <test-method is-config="true" signature="setUpClass(org.testng.ITestContext)[pri:0, instance:testrunner.LandingPage_Excel_TestRunner@4229bb3f]" started-at="2023-06-08T21:56:51 IST" name="setUpClass" finished-at="2023-06-08T21:56:51 IST" duration-ms="32" status="PASS">
          <params>
            <param index="0">
              <value>
                <![CDATA[org.testng.TestRunner@3a751535]]>
              </value>
            </param>
          </params>
          <reporter-output>
          </reporter-output>
        </test-method> <!-- setUpClass -->
        <test-method signature="runScenario(io.cucumber.testng.PickleWrapper,io.cucumber.testng.FeatureWrapper)[pri:0, instance:testrunner.LandingPage_Excel_TestRunner@4229bb3f]" started-at="2023-06-08T21:56:51 IST" name="runScenario" description="Runs Cucumber Scenarios" data-provider="scenarios" finished-at="2023-06-08T21:57:06 IST" duration-ms="15085" status="PASS">
          <params>
            <param index="0">
              <value>
                <![CDATA["Verify Goal Search functionality with valid data"]]>
              </value>
            </param>
            <param index="1">
              <value>
                <![CDATA["Landing"]]>
              </value>
            </param>
          </params>
          <reporter-output>
          </reporter-output>
        </test-method> <!-- runScenario -->
        <test-method signature="runScenario(io.cucumber.testng.PickleWrapper,io.cucumber.testng.FeatureWrapper)[pri:0, instance:testrunner.LandingPage_Excel_TestRunner@4229bb3f]" started-at="2023-06-08T21:57:06 IST" name="runScenario" description="Runs Cucumber Scenarios" data-provider="scenarios" finished-at="2023-06-08T21:57:22 IST" duration-ms="16091" status="PASS">
          <params>
            <param index="0">
              <value>
                <![CDATA["Verify Goal Search functionality with valid data"]]>
              </value>
            </param>
            <param index="1">
              <value>
                <![CDATA["Landing"]]>
              </value>
            </param>
          </params>
          <reporter-output>
          </reporter-output>
        </test-method> <!-- runScenario -->
        <test-method is-config="true" signature="tearDownClass()[pri:0, instance:testrunner.LandingPage_Excel_TestRunner@4229bb3f]" started-at="2023-06-08T21:57:22 IST" name="tearDownClass" finished-at="2023-06-08T21:57:22 IST" duration-ms="53" status="PASS">
          <reporter-output>
          </reporter-output>
        </test-method> <!-- tearDownClass -->
      </class> <!-- testrunner.LandingPage_Excel_TestRunner -->
    </test> <!-- Test -->
  </suite> <!-- Suite -->
</testng-results>
