<?xml version="1.0" encoding="UTF-8"?>
<testng-results ignored="0" total="4" passed="4" failed="0" skipped="0">
  <reporter-output>
  </reporter-output>
  <suite started-at="2023-06-08T17:07:53 IST" name="Default suite" finished-at="2023-06-08T17:08:32 IST" duration-ms="38379">
    <groups>
      <group name="cucumber">
        <method signature="AbstractTestNGCucumberTests.runScenario(io.cucumber.testng.PickleWrapper,io.cucumber.testng.FeatureWrapper)[pri:0, instance:testrunner.LandingPage1_TestRunner@16eb3ea3]" name="runScenario" class="io.cucumber.testng.AbstractTestNGCucumberTests"/>
      </group> <!-- cucumber -->
    </groups>
    <test started-at="2023-06-08T17:07:53 IST" name="Default test" finished-at="2023-06-08T17:08:32 IST" duration-ms="38379">
      <class name="testrunner.LandingPage1_TestRunner">
        <test-method is-config="true" signature="setUpClass(org.testng.ITestContext)[pri:0, instance:testrunner.LandingPage1_TestRunner@16eb3ea3]" started-at="2023-06-08T17:07:53 IST" name="setUpClass" finished-at="2023-06-08T17:07:54 IST" duration-ms="845" status="PASS">
          <params>
            <param index="0">
              <value>
                <![CDATA[org.testng.TestRunner@79195c22]]>
              </value>
            </param>
          </params>
          <reporter-output>
          </reporter-output>
        </test-method> <!-- setUpClass -->
        <test-method signature="runScenario(io.cucumber.testng.PickleWrapper,io.cucumber.testng.FeatureWrapper)[pri:0, instance:testrunner.LandingPage1_TestRunner@16eb3ea3]" started-at="2023-06-08T17:07:54 IST" name="runScenario" description="Runs Cucumber Scenarios" data-provider="scenarios" finished-at="2023-06-08T17:08:03 IST" duration-ms="9131" status="PASS">
          <params>
            <param index="0">
              <value>
                <![CDATA["Validate User navigates onto Landing page"]]>
              </value>
            </param>
            <param index="1">
              <value>
                <![CDATA["Landing"]]>
              </value>
            </param>
          </params>
          <reporter-output>
          </reporter-output>
        </test-method> <!-- runScenario -->
        <test-method signature="runScenario(io.cucumber.testng.PickleWrapper,io.cucumber.testng.FeatureWrapper)[pri:0, instance:testrunner.LandingPage1_TestRunner@16eb3ea3]" started-at="2023-06-08T17:08:03 IST" name="runScenario" description="Runs Cucumber Scenarios" data-provider="scenarios" finished-at="2023-06-08T17:08:14 IST" duration-ms="10754" status="PASS">
          <params>
            <param index="0">
              <value>
                <![CDATA["Validate landing page UI"]]>
              </value>
            </param>
            <param index="1">
              <value>
                <![CDATA["Landing"]]>
              </value>
            </param>
          </params>
          <reporter-output>
          </reporter-output>
        </test-method> <!-- runScenario -->
        <test-method signature="runScenario(io.cucumber.testng.PickleWrapper,io.cucumber.testng.FeatureWrapper)[pri:0, instance:testrunner.LandingPage1_TestRunner@16eb3ea3]" started-at="2023-06-08T17:08:14 IST" name="runScenario" description="Runs Cucumber Scenarios" data-provider="scenarios" finished-at="2023-06-08T17:08:21 IST" duration-ms="7192" status="PASS">
          <params>
            <param index="0">
              <value>
                <![CDATA["field validation on Landing page(Goals Feild Text Box is Enable)"]]>
              </value>
            </param>
            <param index="1">
              <value>
                <![CDATA["Landing"]]>
              </value>
            </param>
          </params>
          <reporter-output>
          </reporter-output>
        </test-method> <!-- runScenario -->
        <test-method signature="runScenario(io.cucumber.testng.PickleWrapper,io.cucumber.testng.FeatureWrapper)[pri:0, instance:testrunner.LandingPage1_TestRunner@16eb3ea3]" started-at="2023-06-08T17:08:21 IST" name="runScenario" description="Runs Cucumber Scenarios" data-provider="scenarios" finished-at="2023-06-08T17:08:32 IST" duration-ms="10305" status="PASS">
          <params>
            <param index="0">
              <value>
                <![CDATA["validate user navigatee the find a center"]]>
              </value>
            </param>
            <param index="1">
              <value>
                <![CDATA["Landing"]]>
              </value>
            </param>
          </params>
          <reporter-output>
          </reporter-output>
        </test-method> <!-- runScenario -->
        <test-method is-config="true" signature="tearDownClass()[pri:0, instance:testrunner.LandingPage1_TestRunner@16eb3ea3]" started-at="2023-06-08T17:08:32 IST" name="tearDownClass" finished-at="2023-06-08T17:08:32 IST" duration-ms="91" status="PASS">
          <reporter-output>
          </reporter-output>
        </test-method> <!-- tearDownClass -->
      </class> <!-- testrunner.LandingPage1_TestRunner -->
    </test> <!-- Default test -->
  </suite> <!-- Default suite -->
</testng-results>
